Traceback (most recent call last):
  File "/opt/anaconda3/envs/stox/lib/python3.10/site-packages/jupyter_cache/executors/utils.py", line 51, in single_nb_execution
    executenb(
  File "/opt/anaconda3/envs/stox/lib/python3.10/site-packages/nbclient/client.py", line 1204, in execute
    return NotebookClient(nb=nb, resources=resources, km=km, **kwargs).execute()
  File "/opt/anaconda3/envs/stox/lib/python3.10/site-packages/nbclient/util.py", line 84, in wrapped
    return just_run(coro(*args, **kwargs))
  File "/opt/anaconda3/envs/stox/lib/python3.10/site-packages/nbclient/util.py", line 62, in just_run
    return loop.run_until_complete(coro)
  File "/opt/anaconda3/envs/stox/lib/python3.10/asyncio/base_events.py", line 646, in run_until_complete
    return future.result()
  File "/opt/anaconda3/envs/stox/lib/python3.10/site-packages/nbclient/client.py", line 663, in async_execute
    await self.async_execute_cell(
  File "/opt/anaconda3/envs/stox/lib/python3.10/site-packages/nbclient/client.py", line 965, in async_execute_cell
    await self._check_raise_for_error(cell, cell_index, exec_reply)
  File "/opt/anaconda3/envs/stox/lib/python3.10/site-packages/nbclient/client.py", line 862, in _check_raise_for_error
    raise CellExecutionError.from_cell_and_msg(cell, exec_reply_content)
nbclient.exceptions.CellExecutionError: An error occurred while executing the following cell:
------------------
# the trend of stock prices in different sectors
sector = input("Please enter the sector:")
sector_dict = {"technology":technology_dict, "healthcare":healthcare_dict, "cyclical":cyclical_dict,"industrials":industrials_dict, "financial":financial_dict, "communication": communication_dict, "energy":energy_dict}

plt.rcParams["figure.figsize"] = [16,9]

def plot_graph(df_dict):
    for key, value in df_dict.items():
        plt.plot(value.index, value['Close'])
        
    plt.legend(df_dict.keys())  
    plt.suptitle(f"{sector} sector daily price for 5 years")
    plt.show()
if sector not in sector_dict:
    print("Please enter 'technology', 'healthcare', 'cyclical', 'industrials', 'financial', 'communication', 'energy'")
else:
    plot_graph(sector_dict[sector])
------------------

[0;31m---------------------------------------------------------------------------[0m
[0;31mStdinNotImplementedError[0m                  Traceback (most recent call last)
Input [0;32mIn [17][0m, in [0;36m<cell line: 2>[0;34m()[0m
[1;32m      1[0m [38;5;66;03m# the trend of stock prices in different sectors[39;00m
[0;32m----> 2[0m sector [38;5;241m=[39m [38;5;28;43minput[39;49m[43m([49m[38;5;124;43m"[39;49m[38;5;124;43mPlease enter the sector:[39;49m[38;5;124;43m"[39;49m[43m)[49m
[1;32m      3[0m sector_dict [38;5;241m=[39m {[38;5;124m"[39m[38;5;124mtechnology[39m[38;5;124m"[39m:technology_dict, [38;5;124m"[39m[38;5;124mhealthcare[39m[38;5;124m"[39m:healthcare_dict, [38;5;124m"[39m[38;5;124mcyclical[39m[38;5;124m"[39m:cyclical_dict,[38;5;124m"[39m[38;5;124mindustrials[39m[38;5;124m"[39m:industrials_dict, [38;5;124m"[39m[38;5;124mfinancial[39m[38;5;124m"[39m:financial_dict, [38;5;124m"[39m[38;5;124mcommunication[39m[38;5;124m"[39m: communication_dict, [38;5;124m"[39m[38;5;124menergy[39m[38;5;124m"[39m:energy_dict}
[1;32m      5[0m plt[38;5;241m.[39mrcParams[[38;5;124m"[39m[38;5;124mfigure.figsize[39m[38;5;124m"[39m] [38;5;241m=[39m [[38;5;241m16[39m,[38;5;241m9[39m]

File [0;32m/opt/anaconda3/envs/stox/lib/python3.10/site-packages/ipykernel/kernelbase.py:1174[0m, in [0;36mKernel.raw_input[0;34m(self, prompt)[0m
[1;32m   1167[0m [38;5;124;03m"""Forward raw_input to frontends[39;00m
[1;32m   1168[0m 
[1;32m   1169[0m [38;5;124;03mRaises[39;00m
[1;32m   1170[0m [38;5;124;03m------[39;00m
[1;32m   1171[0m [38;5;124;03mStdinNotImplementedError if active frontend doesn't support stdin.[39;00m
[1;32m   1172[0m [38;5;124;03m"""[39;00m
[1;32m   1173[0m [38;5;28;01mif[39;00m [38;5;129;01mnot[39;00m [38;5;28mself[39m[38;5;241m.[39m_allow_stdin:
[0;32m-> 1174[0m     [38;5;28;01mraise[39;00m StdinNotImplementedError(
[1;32m   1175[0m         [38;5;124m"[39m[38;5;124mraw_input was called, but this frontend does not support input requests.[39m[38;5;124m"[39m
[1;32m   1176[0m     )
[1;32m   1177[0m [38;5;28;01mreturn[39;00m [38;5;28mself[39m[38;5;241m.[39m_input_request(
[1;32m   1178[0m     [38;5;28mstr[39m(prompt),
[1;32m   1179[0m     [38;5;28mself[39m[38;5;241m.[39m_parent_ident[[38;5;124m"[39m[38;5;124mshell[39m[38;5;124m"[39m],
[1;32m   1180[0m     [38;5;28mself[39m[38;5;241m.[39mget_parent([38;5;124m"[39m[38;5;124mshell[39m[38;5;124m"[39m),
[1;32m   1181[0m     password[38;5;241m=[39m[38;5;28;01mFalse[39;00m,
[1;32m   1182[0m )

[0;31mStdinNotImplementedError[0m: raw_input was called, but this frontend does not support input requests.
StdinNotImplementedError: raw_input was called, but this frontend does not support input requests.

